#
# There is insufficient memory for the Java Runtime Environment to continue.
# Native memory allocation (malloc) failed to allocate 1048576 bytes for AllocateHeap
# Possible reasons:
#   The system is out of physical RAM or swap space
#   The process is running with CompressedOops enabled, and the Java Heap may be blocking the growth of the native heap
# Possible solutions:
#   Reduce memory load on the system
#   Increase physical memory or swap space
#   Check if swap backing store is full
#   Decrease Java heap size (-Xmx/-Xms)
#   Decrease number of Java threads
#   Decrease Java thread stack sizes (-Xss)
#   Set larger code cache with -XX:ReservedCodeCacheSize=
#   JVM is running with Zero Based Compressed Oops mode in which the Java heap is
#     placed in the first 32GB address space. The Java Heap base address is the
#     maximum limit for the native heap growth. Please use -XX:HeapBaseMinAddress
#     to set the Java Heap base and to place the Java Heap above 32GB virtual address.
# This output file may be truncated or incomplete.
#
#  Out of Memory Error (allocation.cpp:44), pid=16292, tid=5596
#
# JRE version: OpenJDK Runtime Environment Temurin-17.0.4.1+1 (17.0.4.1+1) (build 17.0.4.1+1)
# Java VM: OpenJDK 64-Bit Server VM Temurin-17.0.4.1+1 (17.0.4.1+1, mixed mode, emulated-client, tiered, compressed oops, compressed class ptrs, g1 gc, windows-amd64)
# No core dump will be written. Minidumps are not enabled by default on client versions of Windows
#

---------------  S U M M A R Y ------------

Command Line: -Dsts.lsp.client=vscode -Dsts.log.file=/dev/null -XX:TieredStopAtLevel=1 -Xlog:jni+resolve=off -Dspring.config.location=file:c:\Users\Zbn\.vscode\extensions\pivotal.vscode-spring-boot-1.40.0\language-server\BOOT-INF\classes\application.properties org.springframework.ide.vscode.boot.app.BootLanguageServerBootApp

Host: AMD Ryzen 7 5800H with Radeon Graphics         , 16 cores, 13G,  Windows 10 , 64 bit Build 19041 (10.0.19041.1889)
Time: Tue Nov  8 10:58:35 2022  Windows 10 , 64 bit Build 19041 (10.0.19041.1889) elapsed time: 441182.594930 seconds (5d 2h 33m 2s)

---------------  T H R E A D  ---------------

Current thread (0x000002a3be9ec7a0):  VMThread "VM Thread" [stack: 0x000000ffded00000,0x000000ffdee00000] [id=5596]

Stack: [0x000000ffded00000,0x000000ffdee00000]
Native frames: (J=compiled Java code, j=interpreted, Vv=VM code, C=native code)
V  [jvm.dll+0x67731a]
V  [jvm.dll+0x832284]
V  [jvm.dll+0x833a2e]
V  [jvm.dll+0x834093]
V  [jvm.dll+0x245775]
V  [jvm.dll+0xa6393]
V  [jvm.dll+0x2f5933]
V  [jvm.dll+0x2f1640]
V  [jvm.dll+0x2d9d27]
V  [jvm.dll+0x31ce37]
V  [jvm.dll+0x83853b]
V  [jvm.dll+0x839274]
V  [jvm.dll+0x83978c]
V  [jvm.dll+0x839b64]
V  [jvm.dll+0x839c30]
V  [jvm.dll+0x7e240a]
V  [jvm.dll+0x6761a5]
C  [ucrtbase.dll+0x21bb2]
C  [KERNEL32.DLL+0x17034]
C  [ntdll.dll+0x526a1]

VM_Operation (0x000000ffe0dfeb40): G1CollectFull, mode: safepoint, requested by thread 0x000002a3bfcaffb0


---------------  P R O C E S S  ---------------

Threads class SMR info:
_java_thread_list=0x000002a3c0b23950, length=35, elements={
0x000002a3bf41a960, 0x000002a3bf41bef0, 0x000002a3bf483540, 0x000002a3bf42e080,
0x000002a3bf42e940, 0x000002a3bf44a010, 0x000002a3bf44acf0, 0x000002a3bf44eaf0,
0x000002a3bf67a890, 0x000002a3bf68e010, 0x000002a3bfe9d1f0, 0x000002a3bfcaffb0,
0x000002a3c1100a70, 0x000002a3ad296ca0, 0x000002a3c0fed020, 0x000002a3c122ad60,
0x000002a3c1233550, 0x000002a3c1257cd0, 0x000002a3c1382170, 0x000002a3c1383980,
0x000002a3c137d470, 0x000002a3c1382640, 0x000002a3c137de10, 0x000002a3c137f620,
0x000002a3c1383e50, 0x000002a3c137e7b0, 0x000002a3c13817d0, 0x000002a3c137ec80,
0x000002a3c1381300, 0x000002a3c137f150, 0x000002a3c137faf0, 0x000002a3c13834b0,
0x000002a3c1382b10, 0x000002a3c1380490, 0x000002a3c1380e30
}

Java Threads: ( => current thread )
  0x000002a3bf41a960 JavaThread "Reference Handler" daemon [_thread_blocked, id=14424, stack(0x000000ffdee00000,0x000000ffdef00000)]
  0x000002a3bf41bef0 JavaThread "Finalizer" daemon [_thread_blocked, id=23900, stack(0x000000ffdef00000,0x000000ffdf000000)]
  0x000002a3bf483540 JavaThread "Signal Dispatcher" daemon [_thread_blocked, id=20408, stack(0x000000ffdf000000,0x000000ffdf100000)]
  0x000002a3bf42e080 JavaThread "Attach Listener" daemon [_thread_blocked, id=18284, stack(0x000000ffdf100000,0x000000ffdf200000)]
  0x000002a3bf42e940 JavaThread "Service Thread" daemon [_thread_blocked, id=3640, stack(0x000000ffdf200000,0x000000ffdf300000)]
  0x000002a3bf44a010 JavaThread "Monitor Deflation Thread" daemon [_thread_blocked, id=6456, stack(0x000000ffdf300000,0x000000ffdf400000)]
  0x000002a3bf44acf0 JavaThread "C1 CompilerThread0" daemon [_thread_blocked, id=21524, stack(0x000000ffdf400000,0x000000ffdf500000)]
  0x000002a3bf44eaf0 JavaThread "Sweeper thread" daemon [_thread_blocked, id=4220, stack(0x000000ffdf500000,0x000000ffdf600000)]
  0x000002a3bf67a890 JavaThread "Notification Thread" daemon [_thread_blocked, id=13376, stack(0x000000ffdf800000,0x000000ffdf900000)]
  0x000002a3bf68e010 JavaThread "Common-Cleaner" daemon [_thread_blocked, id=21004, stack(0x000000ffdfa00000,0x000000ffdfb00000)]
  0x000002a3bfe9d1f0 JavaThread "boundedElastic-evictor-1" daemon [_thread_blocked, id=24788, stack(0x000000ffe0c00000,0x000000ffe0d00000)]
  0x000002a3bfcaffb0 JavaThread "pool-9-thread-1" [_thread_blocked, id=11592, stack(0x000000ffe0d00000,0x000000ffe0e00000)]
  0x000002a3c1100a70 JavaThread "LanguageServerApp-lifecycle" [_thread_blocked, id=14024, stack(0x000000ffe0e00000,0x000000ffe0f00000)]
  0x000002a3ad296ca0 JavaThread "DestroyJavaVM" [_thread_blocked, id=14972, stack(0x000000ffde700000,0x000000ffde800000)]
  0x000002a3c0fed020 JavaThread "pool-10-thread-1" [_thread_in_native, id=26792, stack(0x000000ffe0f00000,0x000000ffe1000000)]
  0x000002a3c122ad60 JavaThread "Simple-Language-Server main thread" daemon [_thread_blocked, id=20184, stack(0x000000ffe1000000,0x000000ffe1100000)]
  0x000002a3c1233550 JavaThread "pool-7-thread-1" [_thread_blocked, id=26788, stack(0x000000ffe1200000,0x000000ffe1300000)]
  0x000002a3c1257cd0 JavaThread "parallel-1" daemon [_thread_blocked, id=26740, stack(0x000000ffe1300000,0x000000ffe1400000)]
  0x000002a3c1382170 JavaThread "parallel-2" daemon [_thread_blocked, id=26884, stack(0x000000ffe2c00000,0x000000ffe2d00000)]
  0x000002a3c1383980 JavaThread "Reconciler-1" daemon [_thread_blocked, id=9060, stack(0x000000ffe2d00000,0x000000ffe2e00000)]
  0x000002a3c137d470 JavaThread "pool-5-thread-1" [_thread_blocked, id=26960, stack(0x000000ffe3700000,0x000000ffe3800000)]
  0x000002a3c1382640 JavaThread "parallel-3" daemon [_thread_blocked, id=26796, stack(0x000000ffe3800000,0x000000ffe3900000)]
  0x000002a3c137de10 JavaThread "parallel-4" daemon [_thread_blocked, id=26992, stack(0x000000ffe3900000,0x000000ffe3a00000)]
  0x000002a3c137f620 JavaThread "parallel-5" daemon [_thread_blocked, id=16768, stack(0x000000ffe1700000,0x000000ffe1800000)]
  0x000002a3c1383e50 JavaThread "parallel-6" daemon [_thread_blocked, id=27400, stack(0x000000ffde500000,0x000000ffde600000)]
  0x000002a3c137e7b0 JavaThread "parallel-7" daemon [_thread_blocked, id=8124, stack(0x000000ffdf600000,0x000000ffdf700000)]
  0x000002a3c13817d0 JavaThread "parallel-8" daemon [_thread_blocked, id=26016, stack(0x000000ffdf700000,0x000000ffdf800000)]
  0x000002a3c137ec80 JavaThread "parallel-9" daemon [_thread_blocked, id=3872, stack(0x000000ffdfb00000,0x000000ffdfc00000)]
  0x000002a3c1381300 JavaThread "parallel-10" daemon [_thread_blocked, id=6448, stack(0x000000ffdfd00000,0x000000ffdfe00000)]
  0x000002a3c137f150 JavaThread "parallel-11" daemon [_thread_blocked, id=25964, stack(0x000000ffe1100000,0x000000ffe1200000)]
  0x000002a3c137faf0 JavaThread "parallel-12" daemon [_thread_blocked, id=27968, stack(0x000000ffde600000,0x000000ffde700000)]
  0x000002a3c13834b0 JavaThread "parallel-13" daemon [_thread_blocked, id=28460, stack(0x000000ffe1600000,0x000000ffe1700000)]
  0x000002a3c1382b10 JavaThread "parallel-14" daemon [_thread_blocked, id=18556, stack(0x000000ffe1800000,0x000000ffe1900000)]
  0x000002a3c1380490 JavaThread "parallel-15" daemon [_thread_blocked, id=17164, stack(0x000000ffdfc00000,0x000000ffdfd00000)]
  0x000002a3c1380e30 JavaThread "parallel-16" daemon [_thread_blocked, id=12784, stack(0x000000ffe1900000,0x000000ffe1a00000)]

Other Threads:
=>0x000002a3be9ec7a0 VMThread "VM Thread" [stack: 0x000000ffded00000,0x000000ffdee00000] [id=5596]
  0x000002a3bf67cd70 WatcherThread [stack: 0x000000ffdf900000,0x000000ffdfa00000] [id=9480]
  0x000002a3ad2f9db0 GCTaskThread "GC Thread#0" [stack: 0x000000ffde800000,0x000000ffde900000] [id=23988]
  0x000002a3bffb29b0 GCTaskThread "GC Thread#1" [stack: 0x000000ffdfe00000,0x000000ffdff00000] [id=2636]
  0x000002a3bffb2c60 GCTaskThread "GC Thread#2" [stack: 0x000000ffdff00000,0x000000ffe0000000] [id=20624]
  0x000002a3bffc3c00 GCTaskThread "GC Thread#3" [stack: 0x000000ffe0000000,0x000000ffe0100000] [id=4536]
  0x000002a3bffc3eb0 GCTaskThread "GC Thread#4" [stack: 0x000000ffe0100000,0x000000ffe0200000] [id=3868]
  0x000002a3bffd7850 GCTaskThread "GC Thread#5" [stack: 0x000000ffe0200000,0x000000ffe0300000] [id=19084]
  0x000002a3c0af66d0 GCTaskThread "GC Thread#6" [stack: 0x000000ffe0300000,0x000000ffe0400000] [id=27588]
  0x000002a3c0af6980 GCTaskThread "GC Thread#7" [stack: 0x000000ffe0400000,0x000000ffe0500000] [id=10528]
  0x000002a3c0af6c30 GCTaskThread "GC Thread#8" [stack: 0x000000ffe0500000,0x000000ffe0600000] [id=19580]
  0x000002a3c0af7f00 GCTaskThread "GC Thread#9" [stack: 0x000000ffe0600000,0x000000ffe0700000] [id=4576]
  0x000002a3c0d4c880 GCTaskThread "GC Thread#10" [stack: 0x000000ffe0800000,0x000000ffe0900000] [id=27156]
  0x000002a3c0d4d340 GCTaskThread "GC Thread#11" [stack: 0x000000ffe0900000,0x000000ffe0a00000] [id=25052]
  0x000002a3c10bf110 GCTaskThread "GC Thread#12" [stack: 0x000000ffe0700000,0x000000ffe0800000] [id=3688]
  0x000002a3ad308af0 ConcurrentGCThread "G1 Main Marker" [stack: 0x000000ffde900000,0x000000ffdea00000] [id=12152]
  0x000002a3ad30bcc0 ConcurrentGCThread "G1 Conc#0" [stack: 0x000000ffdea00000,0x000000ffdeb00000] [id=3904]
  0x000002a3c0cc6430 ConcurrentGCThread "G1 Conc#1" [stack: 0x000000ffe0a00000,0x000000ffe0b00000] [id=25260]
  0x000002a3c0c24310 ConcurrentGCThread "G1 Conc#2" [stack: 0x000000ffe0b00000,0x000000ffe0c00000] [id=10336]
  0x000002a3ad36ebe0 ConcurrentGCThread "G1 Refine#0" [stack: 0x000000ffdeb00000,0x000000ffdec00000] [id=26168]
  0x000002a3c133b570 ConcurrentGCThread "G1 Refine#1" [stack: 0x000000ffe2f00000,0x000000ffe3000000] [id=26260]
  0x000002a3c13d8b70 ConcurrentGCThread "G1 Refine#2" [stack: 0x000000ffe3000000,0x000000ffe3100000] [id=20160]
  0x000002a3c1392fe0 ConcurrentGCThread "G1 Refine#3" [stack: 0x000000ffe3100000,0x000000ffe3200000] [id=24848]
  0x000002a3c13e9ce0 ConcurrentGCThread "G1 Refine#4" [stack: 0x000000ffe3200000,0x000000ffe3300000] [id=26120]
  0x000002a3c13d3020 ConcurrentGCThread "G1 Refine#5" [stack: 0x000000ffe3300000,0x000000ffe3400000] [id=26452]
  0x000002a3c18c2fc0 ConcurrentGCThread "G1 Refine#6" [stack: 0x000000ffe3400000,0x000000ffe3500000] [id=13684]
  0x000002a3c18c49a0 ConcurrentGCThread "G1 Refine#7" [stack: 0x000000ffe3500000,0x000000ffe3600000] [id=26456]
  0x000002a3c3887a80 ConcurrentGCThread "G1 Refine#8" [stack: 0x000000ffe3c00000,0x000000ffe3d00000] [id=17224]
  0x000002a3c38877a0 ConcurrentGCThread "G1 Refine#9" [stack: 0x000000ffe1400000,0x000000ffe1500000] [id=2848]
  0x000002a3be85c670 ConcurrentGCThread "G1 Service" [stack: 0x000000ffdec00000,0x000000ffded00000] [id=1692]

Threads with active compile tasks:

VM state: at safepoint (normal execution)

VM Mutex/Monitor currently owned by a thread:  ([mutex/lock_event])
[0x000002a3ab109aa0] Threads_lock - owner thread: 0x000002a3be9ec7a0
[0x000002a3ad2952e0] Heap_lock - owner thread: 0x000002a3bfcaffb0

Heap address: 0x0000000722000000, size: 3552 MB, Compressed Oops mode: Zero based, Oop shift amount: 3

CDS archive(s) not mapped
Compressed class space mapped at: 0x0000000800000000-0x0000000840000000, reserved size: 1073741824
Narrow klass base: 0x0000000800000000, Narrow klass shift: 0, Narrow klass range: 0x40000000

GC Precious Log:
 CPUs: 16 total, 16 available
 Memory: 14204M
 Large Page Support: Disabled
 NUMA Support: Disabled
 Compressed Oops: Enabled (Zero based)
 Heap Region Size: 2M
 Heap Min Capacity: 8M
 Heap Initial Capacity: 222M
 Heap Max Capacity: 3552M
 Pre-touch: Disabled
 Parallel Workers: 13
 Concurrent Workers: 3
 Concurrent Refinement Workers: 13
 Periodic GC: Disabled

Heap:
 garbage-first heap   total 96256K, used 31936K [0x0000000722000000, 0x0000000800000000)
  region size 2048K, 1 young (2048K), 0 survivors (0K)
 Metaspace       used 47211K, committed 47552K, reserved 1097728K
  class space    used 6454K, committed 6592K, reserved 1048576K

Heap Regions: E=young(eden), S=young(survivor), O=old, HS=humongous(starts), HC=humongous(continues), CS=collection set, F=free, OA=open archive, CA=closed archive, TAMS=top-at-mark-start (previous, next)
|   0|0x0000000722000000, 0x0000000722200000, 0x0000000722200000|100%| O|  |TAMS 0x0000000722200000, 0x0000000722000000| Untracked 
|   1|0x0000000722200000, 0x00000007223fffd0, 0x0000000722400000| 99%| O|  |TAMS 0x00000007223fffd0, 0x0000000722200000| Untracked 
|   2|0x0000000722400000, 0x0000000722600000, 0x0000000722600000|100%| O|  |TAMS 0x0000000722600000, 0x0000000722400000| Untracked 
|   3|0x0000000722600000, 0x00000007227ffff0, 0x0000000722800000| 99%| O|  |TAMS 0x00000007227ffff0, 0x0000000722600000| Untracked 
|   4|0x0000000722800000, 0x00000007229fe1e0, 0x0000000722a00000| 99%| O|  |TAMS 0x00000007229fe1e0, 0x0000000722800000| Untracked 
|   5|0x0000000722a00000, 0x0000000722bfd818, 0x0000000722c00000| 99%| O|  |TAMS 0x0000000722bfd818, 0x0000000722a00000| Untracked 
|   6|0x0000000722c00000, 0x0000000722dffff0, 0x0000000722e00000| 99%| O|  |TAMS 0x0000000722dffff0, 0x0000000722c00000| Untracked 
|   7|0x0000000722e00000, 0x0000000722ffffb8, 0x0000000723000000| 99%| O|  |TAMS 0x0000000722ffffb8, 0x0000000722e00000| Untracked 
|   8|0x0000000723000000, 0x00000007231fffa8, 0x0000000723200000| 99%| O|  |TAMS 0x00000007231fffa8, 0x0000000723000000| Untracked 
|   9|0x0000000723200000, 0x00000007233ffff0, 0x0000000723400000| 99%| O|  |TAMS 0x00000007233ffff0, 0x0000000723200000| Untracked 
|  10|0x0000000723400000, 0x00000007235ff7b0, 0x0000000723600000| 99%| O|  |TAMS 0x00000007235ff7b0, 0x0000000723400000| Untracked 
|  11|0x0000000723600000, 0x00000007237fffd0, 0x0000000723800000| 99%| O|  |TAMS 0x00000007237fffd0, 0x0000000723600000| Untracked 
|  12|0x0000000723800000, 0x0000000723a00000, 0x0000000723a00000|100%| O|  |TAMS 0x0000000723a00000, 0x0000000723800000| Untracked 
|  13|0x0000000723a00000, 0x0000000723c00000, 0x0000000723c00000|100%| O|  |TAMS 0x0000000723c00000, 0x0000000723a00000| Untracked 
|  14|0x0000000723c00000, 0x0000000723d34f30, 0x0000000723e00000| 60%| O|  |TAMS 0x0000000723c00000, 0x0000000723c00000| Untracked 
|  15|0x0000000723e00000, 0x0000000723e00068, 0x0000000724000000|  0%| O|  |TAMS 0x0000000723e00000, 0x0000000723e00000| Untracked 
|  16|0x0000000724000000, 0x0000000724000000, 0x0000000724200000|  0%| F|  |TAMS 0x0000000724000000, 0x0000000724000000| Untracked 
|  17|0x0000000724200000, 0x0000000724200000, 0x0000000724400000|  0%| F|  |TAMS 0x0000000724200000, 0x0000000724200000| Untracked 
|  18|0x0000000724400000, 0x0000000724400000, 0x0000000724600000|  0%| F|  |TAMS 0x0000000724400000, 0x0000000724400000| Untracked 
|  19|0x0000000724600000, 0x0000000724600000, 0x0000000724800000|  0%| F|  |TAMS 0x0000000724600000, 0x0000000724600000| Untracked 
|  20|0x0000000724800000, 0x0000000724800000, 0x0000000724a00000|  0%| F|  |TAMS 0x0000000724800000, 0x0000000724800000| Untracked 
|  21|0x0000000724a00000, 0x0000000724a00000, 0x0000000724c00000|  0%| F|  |TAMS 0x0000000724a00000, 0x0000000724a00000| Untracked 
|  22|0x0000000724c00000, 0x0000000724e00000, 0x0000000724e00000|100%| O|  |TAMS 0x0000000724e00000, 0x0000000724c00000| Untracked 
|  23|0x0000000724e00000, 0x0000000724e00000, 0x0000000725000000|  0%| F|  |TAMS 0x0000000724e00000, 0x0000000724e00000| Untracked 
|  24|0x0000000725000000, 0x0000000725000000, 0x0000000725200000|  0%| F|  |TAMS 0x0000000725000000, 0x0000000725000000| Untracked 
|  25|0x0000000725200000, 0x0000000725200000, 0x0000000725400000|  0%| F|  |TAMS 0x0000000725200000, 0x0000000725200000| Untracked 
|  26|0x0000000725400000, 0x0000000725400000, 0x0000000725600000|  0%| F|  |TAMS 0x0000000725400000, 0x0000000725400000| Untracked 
|  27|0x0000000725600000, 0x0000000725600000, 0x0000000725800000|  0%| F|  |TAMS 0x0000000725600000, 0x0000000725600000| Untracked 
|  28|0x0000000725800000, 0x0000000725800000, 0x0000000725a00000|  0%| F|  |TAMS 0x0000000725800000, 0x0000000725800000| Untracked 
|  29|0x0000000725a00000, 0x0000000725a00000, 0x0000000725c00000|  0%| F|  |TAMS 0x0000000725a00000, 0x0000000725a00000| Untracked 
|  30|0x0000000725c00000, 0x0000000725c00000, 0x0000000725e00000|  0%| F|  |TAMS 0x0000000725c00000, 0x0000000725c00000| Untracked 
|  31|0x0000000725e00000, 0x0000000725e00000, 0x0000000726000000|  0%| F|  |TAMS 0x0000000725e00000, 0x0000000725e00000| Untracked 
|  32|0x0000000726000000, 0x0000000726000000, 0x0000000726200000|  0%| F|  |TAMS 0x0000000726000000, 0x0000000726000000| Untracked 
|  33|0x0000000726200000, 0x0000000726200000, 0x0000000726400000|  0%| F|  |TAMS 0x0000000726200000, 0x0000000726200000| Untracked 
|  34|0x0000000726400000, 0x0000000726400000, 0x0000000726600000|  0%| F|  |TAMS 0x0000000726400000, 0x0000000726400000| Untracked 
|  35|0x0000000726600000, 0x0000000726600000, 0x0000000726800000|  0%| F|  |TAMS 0x0000000726600000, 0x0000000726600000| Untracked 
|  36|0x0000000726800000, 0x0000000726800000, 0x0000000726a00000|  0%| F|  |TAMS 0x0000000726800000, 0x0000000726800000| Untracked 
|  37|0x0000000726a00000, 0x0000000726a00000, 0x0000000726c00000|  0%| F|  |TAMS 0x0000000726a00000, 0x0000000726a00000| Untracked 
|  38|0x0000000726c00000, 0x0000000726c00000, 0x0000000726e00000|  0%| F|  |TAMS 0x0000000726c00000, 0x0000000726c00000| Untracked 
|  39|0x0000000726e00000, 0x0000000726e00000, 0x0000000727000000|  0%| F|  |TAMS 0x0000000726e00000, 0x0000000726e00000| Untracked 
|  40|0x0000000727000000, 0x0000000727000000, 0x0000000727200000|  0%| F|  |TAMS 0x0000000727000000, 0x0000000727000000| Untracked 
|  41|0x0000000727200000, 0x0000000727200000, 0x0000000727400000|  0%| F|  |TAMS 0x0000000727200000, 0x0000000727200000| Untracked 
|  42|0x0000000727400000, 0x0000000727400000, 0x0000000727600000|  0%| F|  |TAMS 0x0000000727400000, 0x0000000727400000| Untracked 
|  43|0x0000000727600000, 0x0000000727600000, 0x0000000727800000|  0%| F|  |TAMS 0x0000000727600000, 0x0000000727600000| Untracked 
|  44|0x0000000727800000, 0x0000000727800000, 0x0000000727a00000|  0%| F|  |TAMS 0x0000000727800000, 0x0000000727800000| Untracked 
|  45|0x0000000727a00000, 0x0000000727a00000, 0x0000000727c00000|  0%| F|  |TAMS 0x0000000727a00000, 0x0000000727a00000| Untracked 
|  46|0x0000000727c00000, 0x0000000727c058a8, 0x0000000727e00000|  1%| E|  |TAMS 0x0000000727c00000, 0x0000000727c00000| Complete 

Card table byte_map: [0x000002a3b3c90000,0x000002a3b4380000] _byte_map_base: 0x000002a3b0380000

Marking Bits (Prev, Next): (CMBitMap*) 0x000002a3ad2fa3c0, (CMBitMap*) 0x000002a3ad2fa400
 Prev Bits: [0x000002a3b4a70000, 0x000002a3b81f0000)
 Next Bits: [0x000002a3b81f0000, 0x000002a3bb970000)

Polling page: 0x000002a3ab250000

Metaspace:

Usage:
  Non-class:     39.80 MB used.
      Class:      6.30 MB used.
       Both:     46.11 MB used.

Virtual space:
  Non-class space:       48.00 MB reserved,      40.00 MB ( 83%) committed,  6 nodes.
      Class space:        1.00 GB reserved,       6.44 MB ( <1%) committed,  1 nodes.
             Both:        1.05 GB reserved,      46.44 MB (  4%) committed. 

Chunk freelists:
   Non-Class:  3.84 MB
       Class:  1.59 MB
        Both:  5.42 MB

MaxMetaspaceSize: unlimited
CompressedClassSpaceSize: 1.00 GB
Initial GC threshold: 21.00 MB
Current GC threshold: 77.44 MB
CDS: off
MetaspaceReclaimPolicy: balanced
 - commit_granule_bytes: 65536.
 - commit_granule_words: 8192.
 - virtual_space_node_default_size: 1048576.
 - enlarge_chunks_in_place: 1.
 - new_chunks_are_fully_committed: 0.
 - uncommit_free_chunks: 1.
 - use_allocation_guard: 0.
 - handle_deallocations: 1.


Internal statistics:

num_allocs_failed_limit: 6.
num_arena_births: 544.
num_arena_deaths: 138.
num_vsnodes_births: 7.
num_vsnodes_deaths: 0.
num_space_committed: 743.
num_space_uncommitted: 0.
num_chunks_returned_to_freelist: 167.
num_chunks_taken_from_freelist: 2083.
num_chunk_merges: 52.
num_chunk_splits: 1391.
num_chunks_enlarged: 1057.
num_purges: 8.
num_inconsistent_stats: 0.

CodeCache: size=49152Kb used=14170Kb max_used=15516Kb free=34981Kb
 bounds [0x000002a3aff30000, 0x000002a3b0e60000, 0x000002a3b2f30000]
 total_blobs=8192 nmethods=7624 adapters=495
 compilation: enabled
              stopped_count=0, restarted_count=0
 full_count=0

Compilation events (20 events):
Event: 372975.853 Thread 0x000002a3bf44acf0 7615       1       org.eclipse.lsp4j.DefinitionParams::<init> (5 bytes)
Event: 372975.853 Thread 0x000002a3bf44acf0 nmethod 7615 0x000002a3b0d7d610 code [0x000002a3b0d7d7a0, 0x000002a3b0d7d858]
Event: 372975.854 Thread 0x000002a3bf44acf0 7616       1       org.springframework.ide.vscode.commons.languageserver.util.SimpleTextDocumentService::definition (34 bytes)
Event: 372975.865 Thread 0x000002a3bf44acf0 nmethod 7616 0x000002a3b0d7cb90 code [0x000002a3b0d7cd80, 0x000002a3b0d7d398]
Event: 372975.865 Thread 0x000002a3bf44acf0 7617       1       org.springframework.ide.vscode.commons.languageserver.util.SimpleTextDocumentService$$Lambda$711/0x000000080034d680::<init> (15 bytes)
Event: 372975.865 Thread 0x000002a3bf44acf0 nmethod 7617 0x000002a3b0d7c810 code [0x000002a3b0d7c9a0, 0x000002a3b0d7cb18]
Event: 372975.920 Thread 0x000002a3bf44acf0 7618       1       org.springframework.ide.vscode.commons.languageserver.util.SimpleTextDocumentService$$Lambda$711/0x000000080034d680::apply (16 bytes)
Event: 372975.920 Thread 0x000002a3bf44acf0 nmethod 7618 0x000002a3b0d7c490 code [0x000002a3b0d7c620, 0x000002a3b0d7c768]
Event: 372975.920 Thread 0x000002a3bf44acf0 7619       1       org.springframework.ide.vscode.commons.languageserver.util.SimpleTextDocumentService::lambda$definition$5 (96 bytes)
Event: 372975.924 Thread 0x000002a3bf44acf0 nmethod 7619 0x000002a3b0d7b190 code [0x000002a3b0d7b440, 0x000002a3b0d7bee8]
Event: 372975.924 Thread 0x000002a3bf44acf0 7620       1       org.springframework.ide.vscode.languageserver.starter.LanguageServerAutoConf$$Lambda$445/0x0000000800401578::handle (14 bytes)
Event: 372975.924 Thread 0x000002a3bf44acf0 nmethod 7620 0x000002a3b0d7ae90 code [0x000002a3b0d7b020, 0x000002a3b0d7b128]
Event: 372975.924 Thread 0x000002a3bf44acf0 7621       1       org.springframework.ide.vscode.languageserver.starter.LanguageServerAutoConf::lambda$registerDefinitionHandler$2 (47 bytes)
Event: 372975.925 Thread 0x000002a3bf44acf0 nmethod 7621 0x000002a3b0d7a890 code [0x000002a3b0d7aa60, 0x000002a3b0d7aca8]
Event: 397616.356 Thread 0x000002a3bf44acf0 7622   !   1       jdk.internal.reflect.GeneratedConstructorAccessor46::newInstance (49 bytes)
Event: 397616.361 Thread 0x000002a3bf44acf0 nmethod 7622 0x000002a3b0d7a290 code [0x000002a3b0d7a440, 0x000002a3b0d7a6e8]
Event: 397616.361 Thread 0x000002a3bf44acf0 7623   !   1       jdk.internal.reflect.GeneratedMethodAccessor42::invoke (67 bytes)
Event: 397616.379 Thread 0x000002a3bf44acf0 nmethod 7623 0x000002a3b0d79010 code [0x000002a3b0d79260, 0x000002a3b0d79c68]
Event: 397616.567 Thread 0x000002a3bf44acf0 7624       1       java.net.URI::normalizedHash (84 bytes)
Event: 397616.569 Thread 0x000002a3bf44acf0 nmethod 7624 0x000002a3b0d78690 code [0x000002a3b0d78860, 0x000002a3b0d78cb8]

GC Heap History (20 events):
Event: 441080.294 GC heap before
{Heap before GC invocations=21288 (full 21256):
 garbage-first heap   total 96256K, used 31936K [0x0000000722000000, 0x0000000800000000)
  region size 2048K, 1 young (2048K), 0 survivors (0K)
 Metaspace       used 47211K, committed 47552K, reserved 1097728K
  class space    used 6454K, committed 6592K, reserved 1048576K
}
Event: 441080.321 GC heap after
{Heap after GC invocations=21289 (full 21257):
 garbage-first heap   total 96256K, used 31936K [0x0000000722000000, 0x0000000800000000)
  region size 2048K, 0 young (0K), 0 survivors (0K)
 Metaspace       used 47211K, committed 47552K, reserved 1097728K
  class space    used 6454K, committed 6592K, reserved 1048576K
}
Event: 441090.542 GC heap before
{Heap before GC invocations=21289 (full 21257):
 garbage-first heap   total 96256K, used 31936K [0x0000000722000000, 0x0000000800000000)
  region size 2048K, 1 young (2048K), 0 survivors (0K)
 Metaspace       used 47211K, committed 47552K, reserved 1097728K
  class space    used 6454K, committed 6592K, reserved 1048576K
}
Event: 441090.571 GC heap after
{Heap after GC invocations=21290 (full 21258):
 garbage-first heap   total 96256K, used 31936K [0x0000000722000000, 0x0000000800000000)
  region size 2048K, 0 young (0K), 0 survivors (0K)
 Metaspace       used 47211K, committed 47552K, reserved 1097728K
  class space    used 6454K, committed 6592K, reserved 1048576K
}
Event: 441100.751 GC heap before
{Heap before GC invocations=21290 (full 21258):
 garbage-first heap   total 96256K, used 31936K [0x0000000722000000, 0x0000000800000000)
  region size 2048K, 1 young (2048K), 0 survivors (0K)
 Metaspace       used 47211K, committed 47552K, reserved 1097728K
  class space    used 6454K, committed 6592K, reserved 1048576K
}
Event: 441100.776 GC heap after
{Heap after GC invocations=21291 (full 21259):
 garbage-first heap   total 96256K, used 31936K [0x0000000722000000, 0x0000000800000000)
  region size 2048K, 0 young (0K), 0 survivors (0K)
 Metaspace       used 47211K, committed 47552K, reserved 1097728K
  class space    used 6454K, committed 6592K, reserved 1048576K
}
Event: 441110.980 GC heap before
{Heap before GC invocations=21291 (full 21259):
 garbage-first heap   total 96256K, used 31936K [0x0000000722000000, 0x0000000800000000)
  region size 2048K, 1 young (2048K), 0 survivors (0K)
 Metaspace       used 47211K, committed 47552K, reserved 1097728K
  class space    used 6454K, committed 6592K, reserved 1048576K
}
Event: 441111.009 GC heap after
{Heap after GC invocations=21292 (full 21260):
 garbage-first heap   total 96256K, used 31936K [0x0000000722000000, 0x0000000800000000)
  region size 2048K, 0 young (0K), 0 survivors (0K)
 Metaspace       used 47211K, committed 47552K, reserved 1097728K
  class space    used 6454K, committed 6592K, reserved 1048576K
}
Event: 441121.228 GC heap before
{Heap before GC invocations=21292 (full 21260):
 garbage-first heap   total 96256K, used 31936K [0x0000000722000000, 0x0000000800000000)
  region size 2048K, 1 young (2048K), 0 survivors (0K)
 Metaspace       used 47211K, committed 47552K, reserved 1097728K
  class space    used 6454K, committed 6592K, reserved 1048576K
}
Event: 441121.256 GC heap after
{Heap after GC invocations=21293 (full 21261):
 garbage-first heap   total 96256K, used 31936K [0x0000000722000000, 0x0000000800000000)
  region size 2048K, 0 young (0K), 0 survivors (0K)
 Metaspace       used 47211K, committed 47552K, reserved 1097728K
  class space    used 6454K, committed 6592K, reserved 1048576K
}
Event: 441131.438 GC heap before
{Heap before GC invocations=21293 (full 21261):
 garbage-first heap   total 96256K, used 31936K [0x0000000722000000, 0x0000000800000000)
  region size 2048K, 1 young (2048K), 0 survivors (0K)
 Metaspace       used 47211K, committed 47552K, reserved 1097728K
  class space    used 6454K, committed 6592K, reserved 1048576K
}
Event: 441131.463 GC heap after
{Heap after GC invocations=21294 (full 21262):
 garbage-first heap   total 96256K, used 31936K [0x0000000722000000, 0x0000000800000000)
  region size 2048K, 0 young (0K), 0 survivors (0K)
 Metaspace       used 47211K, committed 47552K, reserved 1097728K
  class space    used 6454K, committed 6592K, reserved 1048576K
}
Event: 441141.631 GC heap before
{Heap before GC invocations=21294 (full 21262):
 garbage-first heap   total 96256K, used 31936K [0x0000000722000000, 0x0000000800000000)
  region size 2048K, 1 young (2048K), 0 survivors (0K)
 Metaspace       used 47211K, committed 47552K, reserved 1097728K
  class space    used 6454K, committed 6592K, reserved 1048576K
}
Event: 441141.655 GC heap after
{Heap after GC invocations=21295 (full 21263):
 garbage-first heap   total 96256K, used 31936K [0x0000000722000000, 0x0000000800000000)
  region size 2048K, 0 young (0K), 0 survivors (0K)
 Metaspace       used 47211K, committed 47552K, reserved 1097728K
  class space    used 6454K, committed 6592K, reserved 1048576K
}
Event: 441151.841 GC heap before
{Heap before GC invocations=21295 (full 21263):
 garbage-first heap   total 96256K, used 31936K [0x0000000722000000, 0x0000000800000000)
  region size 2048K, 1 young (2048K), 0 survivors (0K)
 Metaspace       used 47211K, committed 47552K, reserved 1097728K
  class space    used 6454K, committed 6592K, reserved 1048576K
}
Event: 441151.867 GC heap after
{Heap after GC invocations=21296 (full 21264):
 garbage-first heap   total 96256K, used 31936K [0x0000000722000000, 0x0000000800000000)
  region size 2048K, 0 young (0K), 0 survivors (0K)
 Metaspace       used 47211K, committed 47552K, reserved 1097728K
  class space    used 6454K, committed 6592K, reserved 1048576K
}
Event: 441162.092 GC heap before
{Heap before GC invocations=21296 (full 21264):
 garbage-first heap   total 96256K, used 31936K [0x0000000722000000, 0x0000000800000000)
  region size 2048K, 1 young (2048K), 0 survivors (0K)
 Metaspace       used 47211K, committed 47552K, reserved 1097728K
  class space    used 6454K, committed 6592K, reserved 1048576K
}
Event: 441162.122 GC heap after
{Heap after GC invocations=21297 (full 21265):
 garbage-first heap   total 96256K, used 31936K [0x0000000722000000, 0x0000000800000000)
  region size 2048K, 0 young (0K), 0 survivors (0K)
 Metaspace       used 47211K, committed 47552K, reserved 1097728K
  class space    used 6454K, committed 6592K, reserved 1048576K
}
Event: 441172.326 GC heap before
{Heap before GC invocations=21297 (full 21265):
 garbage-first heap   total 96256K, used 31936K [0x0000000722000000, 0x0000000800000000)
  region size 2048K, 1 young (2048K), 0 survivors (0K)
 Metaspace       used 47211K, committed 47552K, reserved 1097728K
  class space    used 6454K, committed 6592K, reserved 1048576K
}
Event: 441172.356 GC heap after
{Heap after GC invocations=21298 (full 21266):
 garbage-first heap   total 96256K, used 31936K [0x0000000722000000, 0x0000000800000000)
  region size 2048K, 0 young (0K), 0 survivors (0K)
 Metaspace       used 47211K, committed 47552K, reserved 1097728K
  class space    used 6454K, committed 6592K, reserved 1048576K
}

Deoptimization events (20 events):
Event: 6.796 Thread 0x000002a3c122ad60 DEOPT PACKING pc=0x000002a3b05b3b9f sp=0x000000ffe10fef10
Event: 6.796 Thread 0x000002a3c122ad60 DEOPT UNPACKING pc=0x000002a3aff82b43 sp=0x000000ffe10fe368 mode 3
Event: 6.819 Thread 0x000002a3c122f850 DEOPT PACKING pc=0x000002a3b081b093 sp=0x000000ffe11fe830
Event: 6.819 Thread 0x000002a3c122f850 DEOPT UNPACKING pc=0x000002a3aff82b43 sp=0x000000ffe11fdd78 mode 3
Event: 7.261 Thread 0x000002a3c137f620 DEOPT PACKING pc=0x000002a3b091af74 sp=0x000000ffe26fe940
Event: 7.261 Thread 0x000002a3c137f620 DEOPT UNPACKING pc=0x000002a3aff82b43 sp=0x000000ffe26fddd0 mode 0
Event: 9.580 Thread 0x000002a3c122f850 DEOPT PACKING pc=0x000002a3b05ae1e2 sp=0x000000ffe11fd8e0
Event: 9.580 Thread 0x000002a3c122f850 DEOPT UNPACKING pc=0x000002a3aff82b43 sp=0x000000ffe11fcde8 mode 3
Event: 9.905 Thread 0x000002a3c122f850 DEOPT PACKING pc=0x000002a3b0dcdebc sp=0x000000ffe11fe140
Event: 9.905 Thread 0x000002a3c122f850 DEOPT UNPACKING pc=0x000002a3aff82b43 sp=0x000000ffe11fd638 mode 0
Event: 9.905 Thread 0x000002a3c122f850 DEOPT PACKING pc=0x000002a3b0c871b4 sp=0x000000ffe11fe210
Event: 9.905 Thread 0x000002a3c122f850 DEOPT UNPACKING pc=0x000002a3aff82b43 sp=0x000000ffe11fd6e8 mode 0
Event: 9.905 Thread 0x000002a3c122f850 DEOPT PACKING pc=0x000002a3b0c8327c sp=0x000000ffe11fe2c0
Event: 9.905 Thread 0x000002a3c122f850 DEOPT UNPACKING pc=0x000002a3aff82b43 sp=0x000000ffe11fd840 mode 0
Event: 9.906 Thread 0x000002a3c122f850 DEOPT PACKING pc=0x000002a3b0ddc41c sp=0x000000ffe11fe5c0
Event: 9.906 Thread 0x000002a3c122f850 DEOPT UNPACKING pc=0x000002a3aff82b43 sp=0x000000ffe11fda50 mode 0
Event: 10.003 Thread 0x000002a3c122f850 DEOPT PACKING pc=0x000002a3b0e50a55 sp=0x000000ffe11ff020
Event: 10.003 Thread 0x000002a3c122f850 DEOPT UNPACKING pc=0x000002a3aff82b43 sp=0x000000ffe11fe4c8 mode 3
Event: 344.698 Thread 0x000002a3c0fed020 DEOPT PACKING pc=0x000002a3b0716554 sp=0x000000ffe0ffed70
Event: 344.698 Thread 0x000002a3c0fed020 DEOPT UNPACKING pc=0x000002a3aff82b43 sp=0x000000ffe0ffe218 mode 0

Classes unloaded (20 events):
Event: 97.176 Thread 0x000002a3be9ec7a0 Unloading class 0x0000000800206000 'java/lang/invoke/LambdaForm$MH+0x0000000800206000'
Event: 97.176 Thread 0x000002a3be9ec7a0 Unloading class 0x0000000800205800 'java/lang/invoke/LambdaForm$MH+0x0000000800205800'
Event: 97.176 Thread 0x000002a3be9ec7a0 Unloading class 0x00000008000d2800 'java/lang/invoke/LambdaForm$MH+0x00000008000d2800'
Event: 97.176 Thread 0x000002a3be9ec7a0 Unloading class 0x00000008000d2000 'java/lang/invoke/LambdaForm$MH+0x00000008000d2000'
Event: 97.176 Thread 0x000002a3be9ec7a0 Unloading class 0x00000008000d1c00 'java/lang/invoke/LambdaForm$MH+0x00000008000d1c00'
Event: 97.176 Thread 0x000002a3be9ec7a0 Unloading class 0x00000008000d1800 'java/lang/invoke/LambdaForm$MH+0x00000008000d1800'
Event: 97.176 Thread 0x000002a3be9ec7a0 Unloading class 0x00000008000d1000 'java/lang/invoke/LambdaForm$MH+0x00000008000d1000'
Event: 97.176 Thread 0x000002a3be9ec7a0 Unloading class 0x00000008000d0c00 'java/lang/invoke/LambdaForm$MH+0x00000008000d0c00'
Event: 97.176 Thread 0x000002a3be9ec7a0 Unloading class 0x00000008000d0800 'java/lang/invoke/LambdaForm$MH+0x00000008000d0800'
Event: 97.176 Thread 0x000002a3be9ec7a0 Unloading class 0x00000008000d0000 'java/lang/invoke/LambdaForm$MH+0x00000008000d0000'
Event: 875.427 Thread 0x000002a3be9ec7a0 Unloading class 0x0000000800654400 'java/lang/invoke/LambdaForm$MH+0x0000000800654400'
Event: 875.427 Thread 0x000002a3be9ec7a0 Unloading class 0x0000000800658800 'java/lang/invoke/LambdaForm$MH+0x0000000800658800'
Event: 875.427 Thread 0x000002a3be9ec7a0 Unloading class 0x0000000800664800 'java/lang/invoke/LambdaForm$MH+0x0000000800664800'
Event: 4316.494 Thread 0x000002a3be9ec7a0 Unloading class 0x000000080034c000 'java/lang/invoke/LambdaForm$MH+0x000000080034c000'
Event: 4316.494 Thread 0x000002a3be9ec7a0 Unloading class 0x000000080034c800 'java/lang/invoke/LambdaForm$MH+0x000000080034c800'
Event: 4316.494 Thread 0x000002a3be9ec7a0 Unloading class 0x000000080035e000 'java/lang/invoke/LambdaForm$MH+0x000000080035e000'
Event: 4316.494 Thread 0x000002a3be9ec7a0 Unloading class 0x000000080035e800 'java/lang/invoke/LambdaForm$MH+0x000000080035e800'
Event: 4316.494 Thread 0x000002a3be9ec7a0 Unloading class 0x0000000800454000 'java/lang/invoke/LambdaForm$MH+0x0000000800454000'
Event: 4316.494 Thread 0x000002a3be9ec7a0 Unloading class 0x0000000800494000 'java/lang/invoke/LambdaForm$MH+0x0000000800494000'
Event: 4316.494 Thread 0x000002a3be9ec7a0 Unloading class 0x00000008004a4000 'java/lang/invoke/LambdaForm$MH+0x00000008004a4000'

Classes redefined (0 events):
No events

Internal exceptions (20 events):
Event: 9.393 Thread 0x000002a3c1383e50 Exception <a 'sun/nio/fs/WindowsException'{0x000000074c68c188}> (0x000000074c68c188) 
thrown [s\src\hotspot\share\prims\jni.cpp, line 516]
Event: 9.393 Thread 0x000002a3c1383e50 Exception <a 'sun/nio/fs/WindowsException'{0x000000074c68c538}> (0x000000074c68c538) 
thrown [s\src\hotspot\share\prims\jni.cpp, line 516]
Event: 9.393 Thread 0x000002a3c1383e50 Exception <a 'sun/nio/fs/WindowsException'{0x000000074c68cf20}> (0x000000074c68cf20) 
thrown [s\src\hotspot\share\prims\jni.cpp, line 516]
Event: 9.393 Thread 0x000002a3c1383e50 Exception <a 'sun/nio/fs/WindowsException'{0x000000074c68d2c0}> (0x000000074c68d2c0) 
thrown [s\src\hotspot\share\prims\jni.cpp, line 516]
Event: 9.393 Thread 0x000002a3c1383e50 Exception <a 'sun/nio/fs/WindowsException'{0x000000074c68dcb8}> (0x000000074c68dcb8) 
thrown [s\src\hotspot\share\prims\jni.cpp, line 516]
Event: 9.393 Thread 0x000002a3c1383e50 Exception <a 'sun/nio/fs/WindowsException'{0x000000074c68e068}> (0x000000074c68e068) 
thrown [s\src\hotspot\share\prims\jni.cpp, line 516]
Event: 9.393 Thread 0x000002a3c1383e50 Exception <a 'sun/nio/fs/WindowsException'{0x000000074c68ea78}> (0x000000074c68ea78) 
thrown [s\src\hotspot\share\prims\jni.cpp, line 516]
Event: 9.393 Thread 0x000002a3c1383e50 Exception <a 'sun/nio/fs/WindowsException'{0x000000074c68ee48}> (0x000000074c68ee48) 
thrown [s\src\hotspot\share\prims\jni.cpp, line 516]
Event: 9.394 Thread 0x000002a3c1383e50 Exception <a 'sun/nio/fs/WindowsException'{0x000000074c68f870}> (0x000000074c68f870) 
thrown [s\src\hotspot\share\prims\jni.cpp, line 516]
Event: 9.394 Thread 0x000002a3c1383e50 Exception <a 'sun/nio/fs/WindowsException'{0x000000074c68fc58}> (0x000000074c68fc58) 
thrown [s\src\hotspot\share\prims\jni.cpp, line 516]
Event: 9.394 Thread 0x000002a3c1383e50 Exception <a 'sun/nio/fs/WindowsException'{0x000000074c690678}> (0x000000074c690678) 
thrown [s\src\hotspot\share\prims\jni.cpp, line 516]
Event: 9.394 Thread 0x000002a3c1383e50 Exception <a 'sun/nio/fs/WindowsException'{0x000000074c690a58}> (0x000000074c690a58) 
thrown [s\src\hotspot\share\prims\jni.cpp, line 516]
Event: 56.615 Thread 0x000002a3bfcaffb0 Exception <a 'java/lang/NoSuchMethodError'{0x000000076a321bc0}: 'void java.lang.invoke.DirectMethodHandle$Holder.invokeStatic(java.lang.Object, long)'> (0x000000076a321bc0) 
thrown [s\src\hotspot\share\interpreter\linkResolver.cpp, line 759]
Event: 56.615 Thread 0x000002a3bfcaffb0 Exception <a 'java/lang/NoSuchMethodError'{0x000000076a326f68}: 'java.lang.Object java.lang.invoke.DirectMethodHandle$Holder.newInvokeSpecial(java.lang.Object, long)'> (0x000000076a326f68) 
thrown [s\src\hotspot\share\interpreter\linkResolver.cpp, line 759]
Event: 56.616 Thread 0x000002a3bfcaffb0 Exception <a 'java/lang/NoSuchMethodError'{0x000000076a32dbf8}: 'java.lang.Object java.lang.invoke.DirectMethodHandle$Holder.invokeStatic(java.lang.Object, java.lang.Object, long, java.lang.Object)'> (0x000000076a32dbf8) 
thrown [s\src\hotspot\share\interpreter\linkResolver.cpp, line 759]
Event: 56.616 Thread 0x000002a3bfcaffb0 Exception <a 'java/lang/NoSuchMethodError'{0x000000076a331690}: 'java.lang.Object java.lang.invoke.DirectMethodHandle$Holder.invokeStaticInit(java.lang.Object, java.lang.Object, long, java.lang.Object)'> (0x000000076a331690) 
thrown [s\src\hotspot\share\interpreter\linkResolver.cpp, line 759]
Event: 56.616 Thread 0x000002a3bfcaffb0 Exception <a 'java/lang/NoSuchMethodError'{0x000000076a3379c0}: 'java.lang.Object java.lang.invoke.DirectMethodHandle$Holder.newInvokeSpecial(java.lang.Object, java.lang.Object, long)'> (0x000000076a3379c0) 
thrown [s\src\hotspot\share\interpreter\linkResolver.cpp, line 759]
Event: 3756.182 Thread 0x000002a3c1384320 Exception <a 'java/lang/NoSuchMethodError'{0x000000072786c4a0}: 'java.lang.Object java.lang.invoke.DirectMethodHandle$Holder.invokeSpecial(java.lang.Object, java.lang.Object, int, java.lang.Object, java.lang.Object)'> (0x000000072786c4a0) 
thrown [s\src\hotspot\share\interpreter\linkResolver.cpp, line 759]
Event: 3756.183 Thread 0x000002a3c1384320 Exception <a 'java/lang/NoSuchMethodError'{0x00000007278740e0}: 'java.lang.Object java.lang.invoke.DirectMethodHandle$Holder.newInvokeSpecial(java.lang.Object, java.lang.Object, int, java.lang.Object)'> (0x00000007278740e0) 
thrown [s\src\hotspot\share\interpreter\linkResolver.cpp, line 759]
Event: 3756.183 Thread 0x000002a3c1384320 Exception <a 'java/lang/NoSuchMethodError'{0x0000000727877a00}: 'java.lang.Object java.lang.invoke.Invokers$Holder.linkToTargetMethod(java.lang.Object, int, java.lang.Object, java.lang.Object)'> (0x0000000727877a00) 
thrown [s\src\hotspot\share\interpreter\linkResolver.cpp, line 759]

VM Operations (20 events):
Event: 441080.321 Executing VM operation: G1CollectFull done
Event: 441090.542 Executing VM operation: G1CollectFull
Event: 441090.571 Executing VM operation: G1CollectFull done
Event: 441100.751 Executing VM operation: G1CollectFull
Event: 441100.776 Executing VM operation: G1CollectFull done
Event: 441110.980 Executing VM operation: G1CollectFull
Event: 441111.009 Executing VM operation: G1CollectFull done
Event: 441121.228 Executing VM operation: G1CollectFull
Event: 441121.256 Executing VM operation: G1CollectFull done
Event: 441131.438 Executing VM operation: G1CollectFull
Event: 441131.463 Executing VM operation: G1CollectFull done
Event: 441141.631 Executing VM operation: G1CollectFull
Event: 441141.656 Executing VM operation: G1CollectFull done
Event: 441151.841 Executing VM operation: G1CollectFull
Event: 441151.867 Executing VM operation: G1CollectFull done
Event: 441162.091 Executing VM operation: G1CollectFull
Event: 441162.122 Executing VM operation: G1CollectFull done
Event: 441172.326 Executing VM operation: G1CollectFull
Event: 441172.356 Executing VM operation: G1CollectFull done
Event: 441182.589 Executing VM operation: G1CollectFull

Events (20 events):
Event: 376393.476 Thread 0x000002a3c1384320 Thread exited: 0x000002a3c1384320
Event: 376414.237 Thread 0x000002a3c1381ca0 Thread exited: 0x000002a3c1381ca0
Event: 376422.505 Thread 0x000002a3c1382fe0 Thread added: 0x000002a3c1382fe0
Event: 376482.521 Thread 0x000002a3c1382fe0 Thread exited: 0x000002a3c1382fe0
Event: 376816.904 Thread 0x000002a3c137ffc0 Thread added: 0x000002a3c137ffc0
Event: 376816.905 Thread 0x000002a3c1381ca0 Thread added: 0x000002a3c1381ca0
Event: 376816.905 Thread 0x000002a3c1382fe0 Thread added: 0x000002a3c1382fe0
Event: 376876.920 Thread 0x000002a3c137ffc0 Thread exited: 0x000002a3c137ffc0
Event: 376877.884 Thread 0x000002a3c1382fe0 Thread exited: 0x000002a3c1382fe0
Event: 376877.884 Thread 0x000002a3c1381ca0 Thread exited: 0x000002a3c1381ca0
Event: 377011.414 Thread 0x000002a3c1384320 Thread added: 0x000002a3c1384320
Event: 377011.419 Thread 0x000002a3c137ffc0 Thread added: 0x000002a3c137ffc0
Event: 377083.866 Thread 0x000002a3c137ffc0 Thread exited: 0x000002a3c137ffc0
Event: 377106.738 Thread 0x000002a3c1384320 Thread exited: 0x000002a3c1384320
Event: 397599.938 Thread 0x000002a3c1381ca0 Thread added: 0x000002a3c1381ca0
Event: 397609.263 Thread 0x000002a3c1382fe0 Thread added: 0x000002a3c1382fe0
Event: 397687.818 Thread 0x000002a3c1381ca0 Thread exited: 0x000002a3c1381ca0
Event: 397687.818 Thread 0x000002a3c1382fe0 Thread exited: 0x000002a3c1382fe0
Event: 400070.835 Thread 0x000002a3c1381ca0 Thread added: 0x000002a3c1381ca0
Event: 400130.846 Thread 0x000002a3c1381ca0 Thread exited: 0x000002a3c1381ca0


Dynamic libraries:
0x00007ff6f1cc0000 - 0x00007ff6f1cce000 	c:\Users\Zbn\.vscode\extensions\redhat.java-1.12.0-win32-x64\jre\17.0.4.1-win32-x86_64\bin\java.exe
0x00007ff9d2750000 - 0x00007ff9d2948000 	C:\Windows\SYSTEM32\ntdll.dll
0x00007ff9d1ae0000 - 0x00007ff9d1b9d000 	C:\Windows\System32\KERNEL32.DLL
0x00007ff9d02d0000 - 0x00007ff9d05a2000 	C:\Windows\System32\KERNELBASE.dll
0x00007ff9cfe60000 - 0x00007ff9cff60000 	C:\Windows\System32\ucrtbase.dll
0x00007ff94ce50000 - 0x00007ff94ce68000 	c:\Users\Zbn\.vscode\extensions\redhat.java-1.12.0-win32-x64\jre\17.0.4.1-win32-x86_64\bin\jli.dll
0x00007ff94ce30000 - 0x00007ff94ce49000 	c:\Users\Zbn\.vscode\extensions\redhat.java-1.12.0-win32-x64\jre\17.0.4.1-win32-x86_64\bin\VCRUNTIME140.dll
0x00007ff9d0d50000 - 0x00007ff9d0eed000 	C:\Windows\System32\USER32.dll
0x00007ff9d02a0000 - 0x00007ff9d02c2000 	C:\Windows\System32\win32u.dll
0x00007ff9d0c40000 - 0x00007ff9d0c6b000 	C:\Windows\System32\GDI32.dll
0x00007ff9bbe10000 - 0x00007ff9bc0aa000 	C:\Windows\WinSxS\amd64_microsoft.windows.common-controls_6595b64144ccf1df_6.0.19041.1110_none_60b5254171f9507e\COMCTL32.dll
0x00007ff9cff90000 - 0x00007ff9d009f000 	C:\Windows\System32\gdi32full.dll
0x00007ff9d10a0000 - 0x00007ff9d113e000 	C:\Windows\System32\msvcrt.dll
0x00007ff9d0200000 - 0x00007ff9d029d000 	C:\Windows\System32\msvcp_win.dll
0x00007ff9d1ba0000 - 0x00007ff9d1bd0000 	C:\Windows\System32\IMM32.DLL
0x00007ff9a2d90000 - 0x00007ff9a2d9c000 	c:\Users\Zbn\.vscode\extensions\redhat.java-1.12.0-win32-x64\jre\17.0.4.1-win32-x86_64\bin\vcruntime140_1.dll
0x00007ff94cd90000 - 0x00007ff94ce21000 	c:\Users\Zbn\.vscode\extensions\redhat.java-1.12.0-win32-x64\jre\17.0.4.1-win32-x86_64\bin\msvcp140.dll
0x00007ff94c080000 - 0x00007ff94ccc6000 	c:\Users\Zbn\.vscode\extensions\redhat.java-1.12.0-win32-x64\jre\17.0.4.1-win32-x86_64\bin\server\jvm.dll
0x00007ff9d07b0000 - 0x00007ff9d085e000 	C:\Windows\System32\ADVAPI32.dll
0x00007ff9d1c40000 - 0x00007ff9d1cdc000 	C:\Windows\System32\sechost.dll
0x00007ff9d0f70000 - 0x00007ff9d1095000 	C:\Windows\System32\RPCRT4.dll
0x00007ff9d17a0000 - 0x00007ff9d17a8000 	C:\Windows\System32\PSAPI.DLL
0x00007ff9c7be0000 - 0x00007ff9c7bea000 	C:\Windows\SYSTEM32\VERSION.dll
0x00007ff9a1b20000 - 0x00007ff9a1b29000 	C:\Windows\SYSTEM32\WSOCK32.dll
0x00007ff9d1bd0000 - 0x00007ff9d1c3b000 	C:\Windows\System32\WS2_32.dll
0x00007ff9c0e10000 - 0x00007ff9c0e37000 	C:\Windows\SYSTEM32\WINMM.dll
0x00007ff9ce6b0000 - 0x00007ff9ce6c2000 	C:\Windows\SYSTEM32\kernel.appcore.dll
0x00007ff9a1640000 - 0x00007ff9a164a000 	c:\Users\Zbn\.vscode\extensions\redhat.java-1.12.0-win32-x64\jre\17.0.4.1-win32-x86_64\bin\jimage.dll
0x00007ff9ce4a0000 - 0x00007ff9ce684000 	C:\Windows\SYSTEM32\DBGHELP.DLL
0x00007ff9b1fe0000 - 0x00007ff9b200c000 	C:\Windows\SYSTEM32\dbgcore.DLL
0x00007ff9d0720000 - 0x00007ff9d07a2000 	C:\Windows\System32\bcryptPrimitives.dll
0x00007ff94be20000 - 0x00007ff94be45000 	c:\Users\Zbn\.vscode\extensions\redhat.java-1.12.0-win32-x64\jre\17.0.4.1-win32-x86_64\bin\java.dll
0x00007ff94c060000 - 0x00007ff94c078000 	c:\Users\Zbn\.vscode\extensions\redhat.java-1.12.0-win32-x64\jre\17.0.4.1-win32-x86_64\bin\zip.dll
0x00007ff9d1e90000 - 0x00007ff9d25d3000 	C:\Windows\System32\SHELL32.dll
0x00007ff9cdc30000 - 0x00007ff9ce3c1000 	C:\Windows\SYSTEM32\windows.storage.dll
0x00007ff9d0860000 - 0x00007ff9d0bb4000 	C:\Windows\System32\combase.dll
0x00007ff9cf8c0000 - 0x00007ff9cf8f0000 	C:\Windows\SYSTEM32\Wldp.dll
0x00007ff9d18d0000 - 0x00007ff9d197d000 	C:\Windows\System32\SHCORE.dll
0x00007ff9d1680000 - 0x00007ff9d16d5000 	C:\Windows\System32\shlwapi.dll
0x00007ff9cfda0000 - 0x00007ff9cfdbf000 	C:\Windows\SYSTEM32\profapi.dll
0x00007ff94bdb0000 - 0x00007ff94bdc9000 	C:\Users\Zbn\.vscode\extensions\redhat.java-1.12.0-win32-x64\jre\17.0.4.1-win32-x86_64\bin\net.dll
0x00007ff9c6f00000 - 0x00007ff9c700d000 	C:\Windows\SYSTEM32\WINHTTP.dll
0x00007ff9cf620000 - 0x00007ff9cf68a000 	C:\Windows\system32\mswsock.dll
0x00007ff94c040000 - 0x00007ff94c055000 	C:\Users\Zbn\.vscode\extensions\redhat.java-1.12.0-win32-x64\jre\17.0.4.1-win32-x86_64\bin\nio.dll
0x00007ff99dc30000 - 0x00007ff99dc40000 	c:\Users\Zbn\.vscode\extensions\redhat.java-1.12.0-win32-x64\jre\17.0.4.1-win32-x86_64\bin\verify.dll
0x00007ff99d300000 - 0x00007ff99d309000 	C:\Users\Zbn\.vscode\extensions\redhat.java-1.12.0-win32-x64\jre\17.0.4.1-win32-x86_64\bin\management.dll
0x00007ff99d060000 - 0x00007ff99d06b000 	C:\Users\Zbn\.vscode\extensions\redhat.java-1.12.0-win32-x64\jre\17.0.4.1-win32-x86_64\bin\management_ext.dll
0x00007ff98a680000 - 0x00007ff98a697000 	C:\Windows\system32\napinsp.dll
0x00007ff98a660000 - 0x00007ff98a67b000 	C:\Windows\system32\pnrpnsp.dll
0x00007ff9cabb0000 - 0x00007ff9cabc5000 	C:\Windows\system32\wshbth.dll
0x00007ff9cb680000 - 0x00007ff9cb69d000 	C:\Windows\system32\NLAapi.dll
0x00007ff9cf2c0000 - 0x00007ff9cf2fb000 	C:\Windows\SYSTEM32\IPHLPAPI.DLL
0x00007ff9cf310000 - 0x00007ff9cf3da000 	C:\Windows\SYSTEM32\DNSAPI.dll
0x00007ff9d1150000 - 0x00007ff9d1158000 	C:\Windows\System32\NSI.dll
0x00007ff98a640000 - 0x00007ff98a652000 	C:\Windows\System32\winrnr.dll
0x00007ff9c8e90000 - 0x00007ff9c8e9a000 	C:\Windows\System32\rasadhlp.dll
0x00007ff9b3870000 - 0x00007ff9b38f0000 	C:\Windows\System32\fwpuclnt.dll
0x00007ff9cff60000 - 0x00007ff9cff87000 	C:\Windows\System32\bcrypt.dll
0x00007ff9cf810000 - 0x00007ff9cf828000 	C:\Windows\SYSTEM32\CRYPTSP.dll
0x00007ff9ceed0000 - 0x00007ff9cef04000 	C:\Windows\system32\rsaenh.dll
0x00007ff9cfd60000 - 0x00007ff9cfd8e000 	C:\Windows\SYSTEM32\USERENV.dll
0x00007ff9cf830000 - 0x00007ff9cf83c000 	C:\Windows\SYSTEM32\CRYPTBASE.dll
0x00007ff9c7a30000 - 0x00007ff9c7a47000 	C:\Windows\SYSTEM32\dhcpcsvc6.DLL
0x00007ff9c8570000 - 0x00007ff9c858d000 	C:\Windows\SYSTEM32\dhcpcsvc.DLL

dbghelp: loaded successfully - version: 4.0.5 - missing functions: none
symbol engine: initialized successfully - sym options: 0x614 - pdb path: .;c:\Users\Zbn\.vscode\extensions\redhat.java-1.12.0-win32-x64\jre\17.0.4.1-win32-x86_64\bin;C:\Windows\SYSTEM32;C:\Windows\WinSxS\amd64_microsoft.windows.common-controls_6595b64144ccf1df_6.0.19041.1110_none_60b5254171f9507e;c:\Users\Zbn\.vscode\extensions\redhat.java-1.12.0-win32-x64\jre\17.0.4.1-win32-x86_64\bin\server

VM Arguments:
jvm_args: -Dsts.lsp.client=vscode -Dsts.log.file=/dev/null -XX:TieredStopAtLevel=1 -Xlog:jni+resolve=off -Dspring.config.location=file:c:\Users\Zbn\.vscode\extensions\pivotal.vscode-spring-boot-1.40.0\language-server\BOOT-INF\classes\application.properties 
java_command: org.springframework.ide.vscode.boot.app.BootLanguageServerBootApp
java_class_path (initial): c:\Users\Zbn\.vscode\extensions\pivotal.vscode-spring-boot-1.40.0\language-server\BOOT-INF\classes;c:\Users\Zbn\.vscode\extensions\pivotal.vscode-spring-boot-1.40.0\language-server\BOOT-INF\lib\annotations-23.0.0.jar;c:\Users\Zbn\.vscode\extensions\pivotal.vscode-spring-boot-1.40.0\language-server\BOOT-INF\lib\ant-1.10.12.jar;c:\Users\Zbn\.vscode\extensions\pivotal.vscode-spring-boot-1.40.0\language-server\BOOT-INF\lib\ant-launcher-1.10.12.jar;c:\Users\Zbn\.vscode\extensions\pivotal.vscode-spring-boot-1.40.0\language-server\BOOT-INF\lib\antlr-runtime-3.5.2.jar;c:\Users\Zbn\.vscode\extensions\pivotal.vscode-spring-boot-1.40.0\language-server\BOOT-INF\lib\antlr4-4.9.3.jar;c:\Users\Zbn\.vscode\extensions\pivotal.vscode-spring-boot-1.40.0\language-server\BOOT-INF\lib\antlr4-runtime-4.9.3.jar;c:\Users\Zbn\.vscode\extensions\pivotal.vscode-spring-boot-1.40.0\language-server\BOOT-INF\lib\asm-9.3.jar;c:\Users\Zbn\.vscode\extensions\pivotal.vscode-spring-boot-1.40.0\language-server\BOOT-INF\lib\asm-analysis-9.3.jar;c:\Users\Zbn\.vscode\extensions\pivotal.vscode-spring-boot-1.40.0\language-server\BOOT-INF\lib\asm-tree-9.3.jar;c:\Users\Zbn\.vscode\extensions\pivotal.vscode-spring-boot-1.40.0\language-server\BOOT-INF\lib\asm-util-9.3.jar;c:\Users\Zbn\.vscode\extensions\pivotal.vscode-spring-boot-1.40.0\language-server\BOOT-INF\lib\byte-buddy-1.12.13.jar;c:\Users\Zbn\.vscode\extensions\pivotal.vscode-spring-boot-1.40.0\language-server\BOOT-INF\lib\caffeine-2.9.3.jar;c:\Users\Zbn\.vscode\extensions\pivotal.vscode-spring-boot-1.40.0\language-server\BOOT-INF\lib\checker-qual-3.12.0.jar;c:\Users\Zbn\.vscode\extensions\pivotal.vscode-spring-boot-1.40.0\language-server\BOOT-INF\lib\classgraph-4.8.149.jar;c:\Users\Zbn\.vscode\extensions\pivotal.vscode-spring-boot-1.40.0\language-server\BOOT-INF\lib\commons-codec-1.15.jar;c:\Users\Zbn\.vscode\extensions\pivotal.vscode-spring-boot-1.40.0\language-server\BOOT-INF\lib\commons-compress-1.21.jar;c:\Users\Zbn\.vsc
Launcher Type: SUN_STANDARD

[Global flags]
     intx CICompilerCount                          = 12                                        {product} {ergonomic}
     uint ConcGCThreads                            = 3                                         {product} {ergonomic}
     uint G1ConcRefinementThreads                  = 13                                        {product} {ergonomic}
   size_t G1HeapRegionSize                         = 2097152                                   {product} {ergonomic}
    uintx GCDrainStackTargetSize                   = 64                                        {product} {ergonomic}
   size_t InitialHeapSize                          = 232783872                                 {product} {ergonomic}
   size_t MarkStackSize                            = 4194304                                   {product} {ergonomic}
   size_t MaxHeapSize                              = 3724541952                                {product} {ergonomic}
   size_t MaxNewSize                               = 2233466880                                {product} {ergonomic}
   size_t MinHeapDeltaBytes                        = 2097152                                   {product} {ergonomic}
   size_t MinHeapSize                              = 8388608                                   {product} {ergonomic}
    uintx NonProfiledCodeHeapSize                  = 0                                      {pd product} {ergonomic}
     bool ProfileInterpreter                       = false                                  {pd product} {command line}
    uintx ProfiledCodeHeapSize                     = 0                                      {pd product} {ergonomic}
   size_t SoftMaxHeapSize                          = 3724541952                             {manageable} {ergonomic}
     intx TieredStopAtLevel                        = 1                                         {product} {command line}
     bool UseCompressedClassPointers               = true                           {product lp64_product} {ergonomic}
     bool UseCompressedOops                        = true                           {product lp64_product} {ergonomic}
     bool UseG1GC                                  = true                                      {product} {ergonomic}
     bool UseLargePagesIndividualAllocation        = false                                  {pd product} {ergonomic}

Logging:
Log output configuration:
 #0: stdout all=warning,jni+resolve=off uptime,level,tags
 #1: stderr all=off uptime,level,tags

Environment Variables:
PATH=C:\Program Files\Common Files\Oracle\Java\javapath;C:\Windows\system32;C:\Windows;C:\Windows\System32\Wbem;C:\Windows\System32\WindowsPowerShell\v1.0\;C:\Windows\System32\OpenSSH\;C:\Program Files (x86)\NVIDIA Corporation\PhysX\Common;C:\Program Files\NVIDIA Corporation\NVIDIA NvDLISR;%JAVA_HOME%\bin;C:\Program Files\nodejs;C:\Program Files\Git\cmd;C:\Program Files\PowerShell\7\;C:\Users\Zbn\AppData\Local\Microsoft\WindowsApps;E:\Microsoft VS Code\bin;C:\Users\Zbn\AppData\Roaming\npm;D:\Fiddler;C:\Users\Zbn\AppData\Local\GitHubDesktop\bin
USERNAME=Zbn
OS=Windows_NT
PROCESSOR_IDENTIFIER=AMD64 Family 25 Model 80 Stepping 0, AuthenticAMD
TMP=C:\Users\Zbn\AppData\Local\Temp
TEMP=C:\Users\Zbn\AppData\Local\Temp



---------------  S Y S T E M  ---------------

OS:
 Windows 10 , 64 bit Build 19041 (10.0.19041.1889)
OS uptime: 5 days 2:45 hours

CPU: total 16 (initial active 16) (16 cores per cpu, 2 threads per core) family 25 model 80 stepping 0 microcode 0x0, cx8, cmov, fxsr, ht, mmx, 3dnowpref, sse, sse2, sse3, ssse3, sse4a, sse4.1, sse4.2, popcnt, lzcnt, tsc, tscinvbit, avx, avx2, aes, erms, clmul, bmi1, bmi2, adx, sha, fma, vzeroupper, clflush, clflushopt

Memory: 4k page, system-wide physical 14204M (501M free)
TotalPageFile size 36617M (AvailPageFile size 11M)
current process WorkingSet (physical memory assigned to process): 67M, peak: 1430M
current process commit charge ("private bytes"): 268M, peak: 1497M

vm_info: OpenJDK 64-Bit Server VM (17.0.4.1+1) for windows-amd64 JRE (17.0.4.1+1), built on Aug 17 2022 07:42:43 by "temurin" with MS VC++ 16.7 (VS2019)

END.
